ARM GAS  C:\Users\antoh\AppData\Local\Temp\ccIC2GwR.s 			page 1


   1              		.cpu cortex-m4
   2              		.arch armv7e-m
   3              		.fpu fpv4-sp-d16
   4              		.eabi_attribute 27, 1
   5              		.eabi_attribute 28, 1
   6              		.eabi_attribute 20, 1
   7              		.eabi_attribute 21, 1
   8              		.eabi_attribute 23, 3
   9              		.eabi_attribute 24, 1
  10              		.eabi_attribute 25, 1
  11              		.eabi_attribute 26, 1
  12              		.eabi_attribute 30, 1
  13              		.eabi_attribute 34, 1
  14              		.eabi_attribute 18, 4
  15              		.file	"main.c"
  16              		.text
  17              	.Ltext0:
  18              		.cfi_sections	.debug_frame
  19              		.file 1 "Core/Src/main.c"
  20              		.section	.text.main,"ax",%progbits
  21              		.align	1
  22              		.global	main
  23              		.syntax unified
  24              		.thumb
  25              		.thumb_func
  27              	main:
  28              	.LFB0:
   1:Core/Src/main.c **** #include <stdint.h>
   2:Core/Src/main.c **** 
   3:Core/Src/main.c **** int main(void){
  29              		.loc 1 3 15 view -0
  30              		.cfi_startproc
  31              		@ Volatile: function does not return.
  32              		@ args = 0, pretend = 0, frame = 0
  33              		@ frame_needed = 0, uses_anonymous_args = 0
  34              		@ link register save eliminated.
   4:Core/Src/main.c ****     *(uint32_t*)(0x40023800UL + 0x30UL) |= 0x06UL; //–í–∫–ª—é—á–µ–Ω–∏–µ —Ç–∞–∫—Ç–∏—Ä–æ–≤–∞–Ω–∏—è –ø
  35              		.loc 1 4 5 view .LVU1
  36 0000 174A     		ldr	r2, .L6
  37 0002 D2F83038 		ldr	r3, [r2, #2096]
  38              		.loc 1 4 41 is_stmt 0 view .LVU2
  39 0006 43F00603 		orr	r3, r3, #6
  40 000a C2F83038 		str	r3, [r2, #2096]
   5:Core/Src/main.c **** 
   6:Core/Src/main.c ****     *(uint32_t*)(0x40020400UL+0x00UL) |= 0x4000UL; //–ù–∞—Å—Ç—Ä–æ–π–∫–∞ —Ä–∞–±–æ—Ç—ã 7-–≥–æ –ø–∏–Ω–
  41              		.loc 1 6 5 is_stmt 1 view .LVU3
  42 000e 154B     		ldr	r3, .L6+4
  43 0010 D3F80024 		ldr	r2, [r3, #1024]
  44              		.loc 1 6 39 is_stmt 0 view .LVU4
  45 0014 42F48042 		orr	r2, r2, #16384
  46 0018 C3F80024 		str	r2, [r3, #1024]
   7:Core/Src/main.c ****     *(uint32_t*)(0x40020400UL+0x04UL) |= 0x00UL; //–ù–∞—Å—Ç—Ä–æ–π–∫–∞ –Ω–∞ PushPull —Ä–∞–±–æ—Ç—É 7-
  47              		.loc 1 7 5 is_stmt 1 view .LVU5
   8:Core/Src/main.c ****     *(uint32_t*)(0x40020400UL+0x08UL) |= 0x4000UL; //–ù–∞—Å—Ç—Ä–æ–π–∫–∞ —Å–∫–æ—Ä–æ—Å—Ç–∏ —Ä–∞–±–æ—Ç
  48              		.loc 1 8 5 view .LVU6
  49 001c D3F80824 		ldr	r2, [r3, #1032]
  50              		.loc 1 8 39 is_stmt 0 view .LVU7
ARM GAS  C:\Users\antoh\AppData\Local\Temp\ccIC2GwR.s 			page 2


  51 0020 42F48042 		orr	r2, r2, #16384
  52 0024 C3F80824 		str	r2, [r3, #1032]
   9:Core/Src/main.c ****     *(uint32_t*)(0x40020400UL+0x18UL) |= 0x800000UL; //–û—Ç–∫–ª—é—á–µ–Ω–∏–µ PU/PD—Ä–µ–∑–∏—Å—Ç–æ—Ä–æ
  53              		.loc 1 9 5 is_stmt 1 view .LVU8
  54 0028 D3F81824 		ldr	r2, [r3, #1048]
  55              		.loc 1 9 39 is_stmt 0 view .LVU9
  56 002c 42F40002 		orr	r2, r2, #8388608
  57 0030 C3F81824 		str	r2, [r3, #1048]
  58 0034 06E0     		b	.L2
  59              	.L5:
  10:Core/Src/main.c ****     // –ö–Ω–æ–ø–∫—É –ø–æ–¥–∫–ª—é—á–∞–µ–º –∫ PC13 –∏–ª–∏ –∫ PC12 –µ—Å–ª–∏ –∫–Ω–æ–ø–∫–∞ —Å–ª–æ–º–∞–Ω–
  11:Core/Src/main.c ****     while(1)
  12:Core/Src/main.c ****     {
  13:Core/Src/main.c ****         if (*(uint32_t*)(0x40020800UL + 0x10UL) & 0x2000UL)
  14:Core/Src/main.c ****         {
  15:Core/Src/main.c ****             *(uint32_t*)(0x40020400UL+0x18UL) |= 0x80UL;
  60              		.loc 1 15 13 is_stmt 1 view .LVU10
  61 0036 0B4A     		ldr	r2, .L6+4
  62 0038 D2F81834 		ldr	r3, [r2, #1048]
  63              		.loc 1 15 47 is_stmt 0 view .LVU11
  64 003c 43F08003 		orr	r3, r3, #128
  65 0040 C2F81834 		str	r3, [r2, #1048]
  66              	.L2:
  11:Core/Src/main.c ****     {
  67              		.loc 1 11 5 is_stmt 1 view .LVU12
  13:Core/Src/main.c ****         {
  68              		.loc 1 13 9 view .LVU13
  13:Core/Src/main.c ****         {
  69              		.loc 1 13 13 is_stmt 0 view .LVU14
  70 0044 074B     		ldr	r3, .L6+4
  71 0046 D3F81038 		ldr	r3, [r3, #2064]
  13:Core/Src/main.c ****         {
  72              		.loc 1 13 12 view .LVU15
  73 004a 13F4005F 		tst	r3, #8192
  74 004e F2D1     		bne	.L5
  16:Core/Src/main.c ****         }
  17:Core/Src/main.c ****         else
  18:Core/Src/main.c ****         {
  19:Core/Src/main.c ****             *(uint32_t*)(0x40020400UL+0x18UL) |= 0x800000UL;
  75              		.loc 1 19 13 is_stmt 1 view .LVU16
  76 0050 044A     		ldr	r2, .L6+4
  77 0052 D2F81834 		ldr	r3, [r2, #1048]
  78              		.loc 1 19 47 is_stmt 0 view .LVU17
  79 0056 43F40003 		orr	r3, r3, #8388608
  80 005a C2F81834 		str	r3, [r2, #1048]
  81 005e F1E7     		b	.L2
  82              	.L7:
  83              		.align	2
  84              	.L6:
  85 0060 00300240 		.word	1073885184
  86 0064 00000240 		.word	1073872896
  87              		.cfi_endproc
  88              	.LFE0:
  90              		.text
  91              	.Letext0:
  92              		.file 2 "C:/Users/antoh/Desktop/PAPKA/Tools/xpack-arm-none-eabi-gcc-13.2.1-1.1-win32-x64/xpack-arm
  93              		.file 3 "C:/Users/antoh/Desktop/PAPKA/Tools/xpack-arm-none-eabi-gcc-13.2.1-1.1-win32-x64/xpack-arm
ARM GAS  C:\Users\antoh\AppData\Local\Temp\ccIC2GwR.s 			page 3


ARM GAS  C:\Users\antoh\AppData\Local\Temp\ccIC2GwR.s 			page 4


DEFINED SYMBOLS
                            *ABS*:00000000 main.c
C:\Users\antoh\AppData\Local\Temp\ccIC2GwR.s:21     .text.main:00000000 $t
C:\Users\antoh\AppData\Local\Temp\ccIC2GwR.s:27     .text.main:00000000 main
C:\Users\antoh\AppData\Local\Temp\ccIC2GwR.s:85     .text.main:00000060 $d

NO UNDEFINED SYMBOLS
